[
  {
    "timestamp": "2026-02-08T09:36:48.596294",
    "agent": "JudgeAgent",
    "model": "llama-3.3-70b-versatile",
    "action": "GENERATION",
    "status": "SUCCESS",
    "details": {
      "file_generated": "test_messy_code.py",
      "module_tested": "messy_code",
      "input_prompt": "Generate comprehensive tests for messy_code.py",
      "output_response": "from messy_code import check_grade\n\ndef test_check_grade():\n    assert check_grade(0) == \"Invalid\"\n    assert check_grade(25) == \"Fail\"\n    assert check_grade(50) == \"Pass\"\n    assert check_grade(75) == \"Excellent\"\n    assert check_grade(100) == \"Excellent\"\n    assert check_grade(-10) == \"Invalid\""
    }
  },
  {
    "timestamp": "2026-02-08T09:36:51.218812",
    "agent": "JudgeAgent",
    "model": "pytest",
    "action": "DEBUG",
    "status": "FAILED",
    "details": {
      "target_dir": "C:\\Users\\HP\\Downloads\\swarm\\sandbox",
      "test_file": "test_messy_code.py",
      "input_prompt": "Execute pytest on test_messy_code.py",
      "output_response": "============================= test session starts =============================\nplatform win32 -- Python 3.11.9, pytest-8.3.0, pluggy-1.6.0 -- C:\\Users\\HP\\Downloads\\swarm\\venv\\Scripts\\python.exe\ncachedir: .pytest_cache\nrootdir: C:\\Users\\HP\\Downloads\\swarm\nplugins: anyio-4.12.1\ncollecting ... collected 0 items / 1 error\n\n=================================== ERRORS ====================================\n_________________ ERROR collecting sandbox/test_messy_code.py _________________\n..\\venv\\Lib\\site-packages\\_pytest\\python.py:493: in importtestmodule\n    mod = import_path(\n..\\venv\\Lib\\site-packages\\_pytest\\pathlib.py:582: in import_path\n    importlib.import_module(module_name)\n..\\..\\..\\AppData\\Local\\Programs\\Python\\Python311\\Lib\\importlib\\__init__.py:126: in import_module\n    return _bootstrap._gcd_import(name[level:], package, level)\n<frozen importlib._bootstrap>:1204: in _gcd_import\n    ???\n<frozen importlib._bootstrap>:1176: in _find_and_load\n    ???\n<frozen importlib._bootstrap>:1147: in _find_and_load_unlocked\n    ???\n<frozen importlib._bootstrap>:690: in _load_unlocked\n    ???\n..\\venv\\Lib\\site-packages\\_pytest\\assertion\\rewrite.py:174: in exec_module\n    exec(co, module.__dict__)\ntest_messy_code.py:1: in <module>\n    from messy_code import check_grade\nE     File \"C:\\Users\\HP\\Downloads\\swarm\\sandbox\\messy_code.py\", line 2\nE       if score > 0 and score < 50\nE                                  ^\nE   SyntaxError: expected ':'\n=========================== short test summary info ===========================\nERROR test_messy_code.py\n!!!!!!!!!!!!!!!!!!! Interrupted: 1 error during collection !!!!!!!!!!!!!!!!!!!!\n============================== 1 error in 0.97s ===============================\n\n"
    }
  },
  {
    "timestamp": "2026-02-08T09:36:51.803270",
    "agent": "FixerAgent",
    "model": "llama-3.3-70b-versatile",
    "action": "FIX",
    "status": "SUCCESS",
    "details": {
      "file": "messy_code.py",
      "issues_count": 1,
      "issues": [
        {
          "file": "messy_code.py",
          "line": 0,
          "issue_type": "TEST_FAILURE",
          "description": "Tests échoués. Erreur:\n============================= test session starts =============================\nplatform win32 -- Python 3.11.9, pytest-8.3.0, pluggy-1.6.0 -- C:\\Users\\HP\\Downloads\\swarm\\venv\\Scripts\\python.exe\ncachedir: .pytest_cache\nrootdir: C:\\Users\\HP\\Downloads\\swarm\nplugins: anyio-4.12.1\ncollecting ... collected 0 items / 1 error\n\n=================================== ERRORS ====================================\n_________________ ERROR collecting sandbox/test_messy_code.py _________________\n..\\venv\\Lib\\site-p"
        }
      ],
      "input_prompt": "Tu es un expert Python. Ta mission est de corriger UNIQUEMENT les problèmes listés, en modifiant le moins possible le code.\n\nPROBLÈMES À CORRIGER:\n- Ligne 0: TEST_FAILURE - Tests échoués. Erreur:\n============================= test session starts =============================\nplatform win32 -- Python 3.11.9, pytest-8.3.0, pluggy-1.6.0 -- C:\\Users\\HP\\Downloads\\swarm\\venv\\Scripts\\python.exe\ncachedir: .pytest_cache\nrootdir: C:\\Users\\HP\\Downloads\\swarm\nplugins: anyio-4.12.1\ncollecting ... collected 0 items / 1 error\n\n=================================== ERRORS ====================================\n_________________ ERROR collecting sandbox/test_messy_code.py _________________\n..\\venv\\Lib\\site-p\n\nCODE ORIGINAL (à modifier le moins possible):\ndef check_grade(score):\n    if score > 0 and score < 50\n        return \"Fail\"\n    elif score >= 50 and score < 75\n        return \"Pass\"\n    elif score > 75\n        return \"Excellent\"\n    else:\n        return \"Invalid\"\n    \n\n\nIMPORTANT - Le fichier de test ",
      "output_response": "def check_grade(score):\n    if score > 0 and score < 50:\n        return \"Fail\"\n    elif score >= 50 and score < 75:\n        return \"Pass\"\n    elif score > 75:\n        return \"Excellent\"\n    else:\n        return \"Invalid\"",
      "syntax_valid": true
    }
  },
  {
    "timestamp": "2026-02-08T09:36:53.762510",
    "agent": "JudgeAgent",
    "model": "pytest",
    "action": "DEBUG",
    "status": "FAILED",
    "details": {
      "target_dir": "C:\\Users\\HP\\Downloads\\swarm\\sandbox",
      "test_file": "test_messy_code.py",
      "input_prompt": "Execute pytest on test_messy_code.py",
      "output_response": "============================= test session starts =============================\nplatform win32 -- Python 3.11.9, pytest-8.3.0, pluggy-1.6.0 -- C:\\Users\\HP\\Downloads\\swarm\\venv\\Scripts\\python.exe\ncachedir: .pytest_cache\nrootdir: C:\\Users\\HP\\Downloads\\swarm\nplugins: anyio-4.12.1\ncollecting ... collected 1 item\n\ntest_messy_code.py::test_check_grade FAILED                              [100%]\n\n================================== FAILURES ===================================\n______________________________ test_check_grade _______________________________\ntest_messy_code.py:7: in test_check_grade\n    assert check_grade(75) == \"Excellent\"\nE   AssertionError: assert 'Invalid' == 'Excellent'\nE     \nE     - Excellent\nE     + Invalid\n=========================== short test summary info ===========================\nFAILED test_messy_code.py::test_check_grade - AssertionError: assert 'Invalid...\n============================== 1 failed in 0.19s ==============================\n\n"
    }
  },
  {
    "timestamp": "2026-02-08T09:36:54.130770",
    "agent": "FixerAgent",
    "model": "llama-3.3-70b-versatile",
    "action": "FIX",
    "status": "SUCCESS",
    "details": {
      "file": "messy_code.py",
      "issues_count": 1,
      "issues": [
        {
          "file": "messy_code.py",
          "line": 0,
          "issue_type": "TEST_FAILURE",
          "description": "Tests échoués. Erreur:\n============================= test session starts =============================\nplatform win32 -- Python 3.11.9, pytest-8.3.0, pluggy-1.6.0 -- C:\\Users\\HP\\Downloads\\swarm\\venv\\Scripts\\python.exe\ncachedir: .pytest_cache\nrootdir: C:\\Users\\HP\\Downloads\\swarm\nplugins: anyio-4.12.1\ncollecting ... collected 1 item\n\ntest_messy_code.py::test_check_grade FAILED                              [100%]\n\n================================== FAILURES ===================================\n____________________________"
        }
      ],
      "input_prompt": "Tu es un expert Python. Ta mission est de corriger UNIQUEMENT les problèmes listés, en modifiant le moins possible le code.\n\nPROBLÈMES À CORRIGER:\n- Ligne 0: TEST_FAILURE - Tests échoués. Erreur:\n============================= test session starts =============================\nplatform win32 -- Python 3.11.9, pytest-8.3.0, pluggy-1.6.0 -- C:\\Users\\HP\\Downloads\\swarm\\venv\\Scripts\\python.exe\ncachedir: .pytest_cache\nrootdir: C:\\Users\\HP\\Downloads\\swarm\nplugins: anyio-4.12.1\ncollecting ... collected 1 item\n\ntest_messy_code.py::test_check_grade FAILED                              [100%]\n\n================================== FAILURES ===================================\n____________________________\n\nCODE ORIGINAL (à modifier le moins possible):\ndef check_grade(score):\n    if score > 0 and score < 50:\n        return \"Fail\"\n    elif score >= 50 and score < 75:\n        return \"Pass\"\n    elif score > 75:\n        return \"Excellent\"\n    else:\n        return \"Invalid\"\n\n\nIMPORTANT - Le fichier de test at",
      "output_response": "def check_grade(score):\n    if score > 0 and score < 50:\n        return \"Fail\"\n    elif score >= 50 and score < 75:\n        return \"Pass\"\n    elif score >= 75:\n        return \"Excellent\"\n    else:\n        return \"Invalid\"",
      "syntax_valid": true
    }
  },
  {
    "timestamp": "2026-02-08T09:36:55.598165",
    "agent": "JudgeAgent",
    "model": "pytest",
    "action": "DEBUG",
    "status": "SUCCESS",
    "details": {
      "target_dir": "C:\\Users\\HP\\Downloads\\swarm\\sandbox",
      "test_file": "test_messy_code.py",
      "input_prompt": "Execute pytest on test_messy_code.py",
      "output_response": "============================= test session starts =============================\nplatform win32 -- Python 3.11.9, pytest-8.3.0, pluggy-1.6.0 -- C:\\Users\\HP\\Downloads\\swarm\\venv\\Scripts\\python.exe\ncachedir: .pytest_cache\nrootdir: C:\\Users\\HP\\Downloads\\swarm\nplugins: anyio-4.12.1\ncollecting ... collected 1 item\n\ntest_messy_code.py::test_check_grade PASSED                              [100%]\n\n============================== 1 passed in 0.08s ==============================\n\n"
    }
  },
  {
    "timestamp": "2026-02-24T13:10:25.876764",
    "agent": "JudgeAgent",
    "model": "llama-3.3-70b-versatile",
    "action": "GENERATION",
    "status": "SUCCESS",
    "details": {
      "file_generated": "test_code_brouillon.py",
      "module_tested": "code_brouillon",
      "input_prompt": "Generate comprehensive tests for code_brouillon.py",
      "output_response": "from code_brouillon import Calculer, division\n\ndef test_Calculer():\n    assert Calculer(2, 3) == 5\n    assert Calculer(10, 5) == 15\n    assert Calculer(0, 0) == 0\n\ndef test_division():\n    assert division(10, 2) == 5\n    assert division(20, 4) == 5\n    assert division(0, 1) == 0\n    assert division(10, 1) == 10"
    }
  },
  {
    "timestamp": "2026-02-24T13:10:26.376421",
    "agent": "JudgeAgent",
    "model": "pytest",
    "action": "DEBUG",
    "status": "SUCCESS",
    "details": {
      "target_dir": "C:\\Users\\ma_be\\Desktop\\Test_Bot_Prof\\Refactoring-Swarm-Equipe-29\\sandbox\\test_local",
      "test_file": "test_code_brouillon.py",
      "input_prompt": "Execute pytest on test_code_brouillon.py",
      "output_response": "============================= test session starts =============================\nplatform win32 -- Python 3.11.9, pytest-8.3.0, pluggy-1.6.0 -- C:\\Users\\ma_be\\Desktop\\Test_Bot_Prof\\Refactoring-Swarm-Equipe-29\\venv_test\\Scripts\\python.exe\ncachedir: .pytest_cache\nrootdir: C:\\Users\\ma_be\\Desktop\\Test_Bot_Prof\\Refactoring-Swarm-Equipe-29\nplugins: anyio-4.12.1\ncollecting ... collected 2 items\n\ntest_code_brouillon.py::test_Calculer PASSED                             [ 50%]\ntest_code_brouillon.py::test_division PASSED                             [100%]\n\n============================== 2 passed in 0.02s ==============================\n\n"
    }
  },
  {
    "timestamp": "2026-02-24T13:13:43.952056",
    "agent": "JudgeAgent",
    "model": "llama-3.3-70b-versatile",
    "action": "GENERATION",
    "status": "SUCCESS",
    "details": {
      "file_generated": "test_code_brouillon.py",
      "module_tested": "code_brouillon",
      "input_prompt": "Generate comprehensive tests for code_brouillon.py",
      "output_response": "from code_brouillon import Calc, ADD_TAX\n\ndef test_Calc():\n    assert Calc(100, 0) == 100\n    assert Calc(100, 20) == 80\n    assert Calc(50, 10) == 45\n    assert Calc(200, 25) == 150\n\ndef test_ADD_TAX():\n    assert ADD_TAX(100) == 119\n    assert ADD_TAX(50) == 59.5\n    assert ADD_TAX(200) == 238\n    assert ADD_TAX(0) == 0"
    }
  },
  {
    "timestamp": "2026-02-24T13:13:44.279716",
    "agent": "JudgeAgent",
    "model": "pytest",
    "action": "DEBUG",
    "status": "SUCCESS",
    "details": {
      "target_dir": "C:\\Users\\ma_be\\Desktop\\Test_Bot_Prof\\Refactoring-Swarm-Equipe-29\\sandbox\\test_local",
      "test_file": "test_code_brouillon.py",
      "input_prompt": "Execute pytest on test_code_brouillon.py",
      "output_response": "============================= test session starts =============================\nplatform win32 -- Python 3.11.9, pytest-8.3.0, pluggy-1.6.0 -- C:\\Users\\ma_be\\Desktop\\Test_Bot_Prof\\Refactoring-Swarm-Equipe-29\\venv_test\\Scripts\\python.exe\ncachedir: .pytest_cache\nrootdir: C:\\Users\\ma_be\\Desktop\\Test_Bot_Prof\\Refactoring-Swarm-Equipe-29\nplugins: anyio-4.12.1\ncollecting ... collected 2 items\n\ntest_code_brouillon.py::test_Calc PASSED                                 [ 50%]\ntest_code_brouillon.py::test_ADD_TAX PASSED                              [100%]\n\n============================== 2 passed in 0.02s ==============================\n\n"
    }
  },
  {
    "timestamp": "2026-02-24T13:15:38.276593",
    "agent": "JudgeAgent",
    "model": "pytest",
    "action": "DEBUG",
    "status": "FAILED",
    "details": {
      "target_dir": "C:\\Users\\ma_be\\Desktop\\Test_Bot_Prof\\Refactoring-Swarm-Equipe-29\\sandbox\\test_local",
      "test_file": "test_code_brouillon.py",
      "input_prompt": "Execute pytest on test_code_brouillon.py",
      "output_response": "============================= test session starts =============================\nplatform win32 -- Python 3.11.9, pytest-8.3.0, pluggy-1.6.0 -- C:\\Users\\ma_be\\Desktop\\Test_Bot_Prof\\Refactoring-Swarm-Equipe-29\\venv_test\\Scripts\\python.exe\ncachedir: .pytest_cache\nrootdir: C:\\Users\\ma_be\\Desktop\\Test_Bot_Prof\\Refactoring-Swarm-Equipe-29\nplugins: anyio-4.12.1\ncollecting ... collected 0 items / 1 error\n\n=================================== ERRORS ====================================\n_________ ERROR collecting sandbox/test_local/test_code_brouillon.py __________\n..\\..\\venv_test\\Lib\\site-packages\\_pytest\\python.py:493: in importtestmodule\n    mod = import_path(\n..\\..\\venv_test\\Lib\\site-packages\\_pytest\\pathlib.py:582: in import_path\n    importlib.import_module(module_name)\nC:\\Users\\ma_be\\AppData\\Local\\Programs\\Python\\Python311\\Lib\\importlib\\__init__.py:126: in import_module\n    return _bootstrap._gcd_import(name[level:], package, level)\n<frozen importlib._bootstrap>:1204: in _gcd_import\n    ???\n<frozen importlib._bootstrap>:1176: in _find_and_load\n    ???\n<frozen importlib._bootstrap>:1147: in _find_and_load_unlocked\n    ???\n<frozen importlib._bootstrap>:690: in _load_unlocked\n    ???\n..\\..\\venv_test\\Lib\\site-packages\\_pytest\\assertion\\rewrite.py:174: in exec_module\n    exec(co, module.__dict__)\ntest_code_brouillon.py:1: in <module>\n    from code_brouillon import Calc, ADD_TAX\nE     File \"C:\\Users\\ma_be\\Desktop\\Test_Bot_Prof\\Refactoring-Swarm-Equipe-29\\sandbox\\test_local\\code_brouillon.py\", line 5\nE       def Calc(p, d)\nE                     ^\nE   SyntaxError: expected ':'\n=========================== short test summary info ===========================\nERROR test_code_brouillon.py\n!!!!!!!!!!!!!!!!!!! Interrupted: 1 error during collection !!!!!!!!!!!!!!!!!!!!\n============================== 1 error in 0.13s ===============================\n\n"
    }
  },
  {
    "timestamp": "2026-02-24T13:15:38.732395",
    "agent": "JudgeAgent",
    "model": "pytest",
    "action": "DEBUG",
    "status": "FAILED",
    "details": {
      "target_dir": "C:\\Users\\ma_be\\Desktop\\Test_Bot_Prof\\Refactoring-Swarm-Equipe-29\\sandbox\\test_local",
      "test_file": "test_code_brouillon.py",
      "input_prompt": "Execute pytest on test_code_brouillon.py",
      "output_response": "============================= test session starts =============================\nplatform win32 -- Python 3.11.9, pytest-8.3.0, pluggy-1.6.0 -- C:\\Users\\ma_be\\Desktop\\Test_Bot_Prof\\Refactoring-Swarm-Equipe-29\\venv_test\\Scripts\\python.exe\ncachedir: .pytest_cache\nrootdir: C:\\Users\\ma_be\\Desktop\\Test_Bot_Prof\\Refactoring-Swarm-Equipe-29\nplugins: anyio-4.12.1\ncollecting ... collected 0 items / 1 error\n\n=================================== ERRORS ====================================\n_________ ERROR collecting sandbox/test_local/test_code_brouillon.py __________\n..\\..\\venv_test\\Lib\\site-packages\\_pytest\\python.py:493: in importtestmodule\n    mod = import_path(\n..\\..\\venv_test\\Lib\\site-packages\\_pytest\\pathlib.py:582: in import_path\n    importlib.import_module(module_name)\nC:\\Users\\ma_be\\AppData\\Local\\Programs\\Python\\Python311\\Lib\\importlib\\__init__.py:126: in import_module\n    return _bootstrap._gcd_import(name[level:], package, level)\n<frozen importlib._bootstrap>:1204: in _gcd_import\n    ???\n<frozen importlib._bootstrap>:1176: in _find_and_load\n    ???\n<frozen importlib._bootstrap>:1147: in _find_and_load_unlocked\n    ???\n<frozen importlib._bootstrap>:690: in _load_unlocked\n    ???\n..\\..\\venv_test\\Lib\\site-packages\\_pytest\\assertion\\rewrite.py:174: in exec_module\n    exec(co, module.__dict__)\ntest_code_brouillon.py:1: in <module>\n    from code_brouillon import Calc, ADD_TAX\nE     File \"C:\\Users\\ma_be\\Desktop\\Test_Bot_Prof\\Refactoring-Swarm-Equipe-29\\sandbox\\test_local\\code_brouillon.py\", line 5\nE       def Calc(p, d)\nE                     ^\nE   SyntaxError: expected ':'\n=========================== short test summary info ===========================\nERROR test_code_brouillon.py\n!!!!!!!!!!!!!!!!!!! Interrupted: 1 error during collection !!!!!!!!!!!!!!!!!!!!\n============================== 1 error in 0.12s ===============================\n\n"
    }
  },
  {
    "timestamp": "2026-02-24T13:15:39.185454",
    "agent": "JudgeAgent",
    "model": "pytest",
    "action": "DEBUG",
    "status": "FAILED",
    "details": {
      "target_dir": "C:\\Users\\ma_be\\Desktop\\Test_Bot_Prof\\Refactoring-Swarm-Equipe-29\\sandbox\\test_local",
      "test_file": "test_code_brouillon.py",
      "input_prompt": "Execute pytest on test_code_brouillon.py",
      "output_response": "============================= test session starts =============================\nplatform win32 -- Python 3.11.9, pytest-8.3.0, pluggy-1.6.0 -- C:\\Users\\ma_be\\Desktop\\Test_Bot_Prof\\Refactoring-Swarm-Equipe-29\\venv_test\\Scripts\\python.exe\ncachedir: .pytest_cache\nrootdir: C:\\Users\\ma_be\\Desktop\\Test_Bot_Prof\\Refactoring-Swarm-Equipe-29\nplugins: anyio-4.12.1\ncollecting ... collected 0 items / 1 error\n\n=================================== ERRORS ====================================\n_________ ERROR collecting sandbox/test_local/test_code_brouillon.py __________\n..\\..\\venv_test\\Lib\\site-packages\\_pytest\\python.py:493: in importtestmodule\n    mod = import_path(\n..\\..\\venv_test\\Lib\\site-packages\\_pytest\\pathlib.py:582: in import_path\n    importlib.import_module(module_name)\nC:\\Users\\ma_be\\AppData\\Local\\Programs\\Python\\Python311\\Lib\\importlib\\__init__.py:126: in import_module\n    return _bootstrap._gcd_import(name[level:], package, level)\n<frozen importlib._bootstrap>:1204: in _gcd_import\n    ???\n<frozen importlib._bootstrap>:1176: in _find_and_load\n    ???\n<frozen importlib._bootstrap>:1147: in _find_and_load_unlocked\n    ???\n<frozen importlib._bootstrap>:690: in _load_unlocked\n    ???\n..\\..\\venv_test\\Lib\\site-packages\\_pytest\\assertion\\rewrite.py:174: in exec_module\n    exec(co, module.__dict__)\ntest_code_brouillon.py:1: in <module>\n    from code_brouillon import Calc, ADD_TAX\nE     File \"C:\\Users\\ma_be\\Desktop\\Test_Bot_Prof\\Refactoring-Swarm-Equipe-29\\sandbox\\test_local\\code_brouillon.py\", line 5\nE       def Calc(p, d)\nE                     ^\nE   SyntaxError: expected ':'\n=========================== short test summary info ===========================\nERROR test_code_brouillon.py\n!!!!!!!!!!!!!!!!!!! Interrupted: 1 error during collection !!!!!!!!!!!!!!!!!!!!\n============================== 1 error in 0.12s ===============================\n\n"
    }
  },
  {
    "timestamp": "2026-02-24T13:15:39.634210",
    "agent": "JudgeAgent",
    "model": "pytest",
    "action": "DEBUG",
    "status": "FAILED",
    "details": {
      "target_dir": "C:\\Users\\ma_be\\Desktop\\Test_Bot_Prof\\Refactoring-Swarm-Equipe-29\\sandbox\\test_local",
      "test_file": "test_code_brouillon.py",
      "input_prompt": "Execute pytest on test_code_brouillon.py",
      "output_response": "============================= test session starts =============================\nplatform win32 -- Python 3.11.9, pytest-8.3.0, pluggy-1.6.0 -- C:\\Users\\ma_be\\Desktop\\Test_Bot_Prof\\Refactoring-Swarm-Equipe-29\\venv_test\\Scripts\\python.exe\ncachedir: .pytest_cache\nrootdir: C:\\Users\\ma_be\\Desktop\\Test_Bot_Prof\\Refactoring-Swarm-Equipe-29\nplugins: anyio-4.12.1\ncollecting ... collected 0 items / 1 error\n\n=================================== ERRORS ====================================\n_________ ERROR collecting sandbox/test_local/test_code_brouillon.py __________\n..\\..\\venv_test\\Lib\\site-packages\\_pytest\\python.py:493: in importtestmodule\n    mod = import_path(\n..\\..\\venv_test\\Lib\\site-packages\\_pytest\\pathlib.py:582: in import_path\n    importlib.import_module(module_name)\nC:\\Users\\ma_be\\AppData\\Local\\Programs\\Python\\Python311\\Lib\\importlib\\__init__.py:126: in import_module\n    return _bootstrap._gcd_import(name[level:], package, level)\n<frozen importlib._bootstrap>:1204: in _gcd_import\n    ???\n<frozen importlib._bootstrap>:1176: in _find_and_load\n    ???\n<frozen importlib._bootstrap>:1147: in _find_and_load_unlocked\n    ???\n<frozen importlib._bootstrap>:690: in _load_unlocked\n    ???\n..\\..\\venv_test\\Lib\\site-packages\\_pytest\\assertion\\rewrite.py:174: in exec_module\n    exec(co, module.__dict__)\ntest_code_brouillon.py:1: in <module>\n    from code_brouillon import Calc, ADD_TAX\nE     File \"C:\\Users\\ma_be\\Desktop\\Test_Bot_Prof\\Refactoring-Swarm-Equipe-29\\sandbox\\test_local\\code_brouillon.py\", line 5\nE       def Calc(p, d)\nE                     ^\nE   SyntaxError: expected ':'\n=========================== short test summary info ===========================\nERROR test_code_brouillon.py\n!!!!!!!!!!!!!!!!!!! Interrupted: 1 error during collection !!!!!!!!!!!!!!!!!!!!\n============================== 1 error in 0.13s ===============================\n\n"
    }
  },
  {
    "timestamp": "2026-02-24T13:15:40.115478",
    "agent": "JudgeAgent",
    "model": "pytest",
    "action": "DEBUG",
    "status": "FAILED",
    "details": {
      "target_dir": "C:\\Users\\ma_be\\Desktop\\Test_Bot_Prof\\Refactoring-Swarm-Equipe-29\\sandbox\\test_local",
      "test_file": "test_code_brouillon.py",
      "input_prompt": "Execute pytest on test_code_brouillon.py",
      "output_response": "============================= test session starts =============================\nplatform win32 -- Python 3.11.9, pytest-8.3.0, pluggy-1.6.0 -- C:\\Users\\ma_be\\Desktop\\Test_Bot_Prof\\Refactoring-Swarm-Equipe-29\\venv_test\\Scripts\\python.exe\ncachedir: .pytest_cache\nrootdir: C:\\Users\\ma_be\\Desktop\\Test_Bot_Prof\\Refactoring-Swarm-Equipe-29\nplugins: anyio-4.12.1\ncollecting ... collected 0 items / 1 error\n\n=================================== ERRORS ====================================\n_________ ERROR collecting sandbox/test_local/test_code_brouillon.py __________\n..\\..\\venv_test\\Lib\\site-packages\\_pytest\\python.py:493: in importtestmodule\n    mod = import_path(\n..\\..\\venv_test\\Lib\\site-packages\\_pytest\\pathlib.py:582: in import_path\n    importlib.import_module(module_name)\nC:\\Users\\ma_be\\AppData\\Local\\Programs\\Python\\Python311\\Lib\\importlib\\__init__.py:126: in import_module\n    return _bootstrap._gcd_import(name[level:], package, level)\n<frozen importlib._bootstrap>:1204: in _gcd_import\n    ???\n<frozen importlib._bootstrap>:1176: in _find_and_load\n    ???\n<frozen importlib._bootstrap>:1147: in _find_and_load_unlocked\n    ???\n<frozen importlib._bootstrap>:690: in _load_unlocked\n    ???\n..\\..\\venv_test\\Lib\\site-packages\\_pytest\\assertion\\rewrite.py:174: in exec_module\n    exec(co, module.__dict__)\ntest_code_brouillon.py:1: in <module>\n    from code_brouillon import Calc, ADD_TAX\nE     File \"C:\\Users\\ma_be\\Desktop\\Test_Bot_Prof\\Refactoring-Swarm-Equipe-29\\sandbox\\test_local\\code_brouillon.py\", line 5\nE       def Calc(p, d)\nE                     ^\nE   SyntaxError: expected ':'\n=========================== short test summary info ===========================\nERROR test_code_brouillon.py\n!!!!!!!!!!!!!!!!!!! Interrupted: 1 error during collection !!!!!!!!!!!!!!!!!!!!\n============================== 1 error in 0.15s ===============================\n\n"
    }
  },
  {
    "timestamp": "2026-02-24T13:15:40.698079",
    "agent": "JudgeAgent",
    "model": "pytest",
    "action": "DEBUG",
    "status": "FAILED",
    "details": {
      "target_dir": "C:\\Users\\ma_be\\Desktop\\Test_Bot_Prof\\Refactoring-Swarm-Equipe-29\\sandbox\\test_local",
      "test_file": "test_code_brouillon.py",
      "input_prompt": "Execute pytest on test_code_brouillon.py",
      "output_response": "============================= test session starts =============================\nplatform win32 -- Python 3.11.9, pytest-8.3.0, pluggy-1.6.0 -- C:\\Users\\ma_be\\Desktop\\Test_Bot_Prof\\Refactoring-Swarm-Equipe-29\\venv_test\\Scripts\\python.exe\ncachedir: .pytest_cache\nrootdir: C:\\Users\\ma_be\\Desktop\\Test_Bot_Prof\\Refactoring-Swarm-Equipe-29\nplugins: anyio-4.12.1\ncollecting ... collected 0 items / 1 error\n\n=================================== ERRORS ====================================\n_________ ERROR collecting sandbox/test_local/test_code_brouillon.py __________\n..\\..\\venv_test\\Lib\\site-packages\\_pytest\\python.py:493: in importtestmodule\n    mod = import_path(\n..\\..\\venv_test\\Lib\\site-packages\\_pytest\\pathlib.py:582: in import_path\n    importlib.import_module(module_name)\nC:\\Users\\ma_be\\AppData\\Local\\Programs\\Python\\Python311\\Lib\\importlib\\__init__.py:126: in import_module\n    return _bootstrap._gcd_import(name[level:], package, level)\n<frozen importlib._bootstrap>:1204: in _gcd_import\n    ???\n<frozen importlib._bootstrap>:1176: in _find_and_load\n    ???\n<frozen importlib._bootstrap>:1147: in _find_and_load_unlocked\n    ???\n<frozen importlib._bootstrap>:690: in _load_unlocked\n    ???\n..\\..\\venv_test\\Lib\\site-packages\\_pytest\\assertion\\rewrite.py:174: in exec_module\n    exec(co, module.__dict__)\ntest_code_brouillon.py:1: in <module>\n    from code_brouillon import Calc, ADD_TAX\nE     File \"C:\\Users\\ma_be\\Desktop\\Test_Bot_Prof\\Refactoring-Swarm-Equipe-29\\sandbox\\test_local\\code_brouillon.py\", line 5\nE       def Calc(p, d)\nE                     ^\nE   SyntaxError: expected ':'\n=========================== short test summary info ===========================\nERROR test_code_brouillon.py\n!!!!!!!!!!!!!!!!!!! Interrupted: 1 error during collection !!!!!!!!!!!!!!!!!!!!\n============================== 1 error in 0.15s ===============================\n\n"
    }
  },
  {
    "timestamp": "2026-02-24T13:15:41.246408",
    "agent": "JudgeAgent",
    "model": "pytest",
    "action": "DEBUG",
    "status": "FAILED",
    "details": {
      "target_dir": "C:\\Users\\ma_be\\Desktop\\Test_Bot_Prof\\Refactoring-Swarm-Equipe-29\\sandbox\\test_local",
      "test_file": "test_code_brouillon.py",
      "input_prompt": "Execute pytest on test_code_brouillon.py",
      "output_response": "============================= test session starts =============================\nplatform win32 -- Python 3.11.9, pytest-8.3.0, pluggy-1.6.0 -- C:\\Users\\ma_be\\Desktop\\Test_Bot_Prof\\Refactoring-Swarm-Equipe-29\\venv_test\\Scripts\\python.exe\ncachedir: .pytest_cache\nrootdir: C:\\Users\\ma_be\\Desktop\\Test_Bot_Prof\\Refactoring-Swarm-Equipe-29\nplugins: anyio-4.12.1\ncollecting ... collected 0 items / 1 error\n\n=================================== ERRORS ====================================\n_________ ERROR collecting sandbox/test_local/test_code_brouillon.py __________\n..\\..\\venv_test\\Lib\\site-packages\\_pytest\\python.py:493: in importtestmodule\n    mod = import_path(\n..\\..\\venv_test\\Lib\\site-packages\\_pytest\\pathlib.py:582: in import_path\n    importlib.import_module(module_name)\nC:\\Users\\ma_be\\AppData\\Local\\Programs\\Python\\Python311\\Lib\\importlib\\__init__.py:126: in import_module\n    return _bootstrap._gcd_import(name[level:], package, level)\n<frozen importlib._bootstrap>:1204: in _gcd_import\n    ???\n<frozen importlib._bootstrap>:1176: in _find_and_load\n    ???\n<frozen importlib._bootstrap>:1147: in _find_and_load_unlocked\n    ???\n<frozen importlib._bootstrap>:690: in _load_unlocked\n    ???\n..\\..\\venv_test\\Lib\\site-packages\\_pytest\\assertion\\rewrite.py:174: in exec_module\n    exec(co, module.__dict__)\ntest_code_brouillon.py:1: in <module>\n    from code_brouillon import Calc, ADD_TAX\nE     File \"C:\\Users\\ma_be\\Desktop\\Test_Bot_Prof\\Refactoring-Swarm-Equipe-29\\sandbox\\test_local\\code_brouillon.py\", line 5\nE       def Calc(p, d)\nE                     ^\nE   SyntaxError: expected ':'\n=========================== short test summary info ===========================\nERROR test_code_brouillon.py\n!!!!!!!!!!!!!!!!!!! Interrupted: 1 error during collection !!!!!!!!!!!!!!!!!!!!\n============================== 1 error in 0.15s ===============================\n\n"
    }
  },
  {
    "timestamp": "2026-02-24T13:15:41.752429",
    "agent": "JudgeAgent",
    "model": "pytest",
    "action": "DEBUG",
    "status": "FAILED",
    "details": {
      "target_dir": "C:\\Users\\ma_be\\Desktop\\Test_Bot_Prof\\Refactoring-Swarm-Equipe-29\\sandbox\\test_local",
      "test_file": "test_code_brouillon.py",
      "input_prompt": "Execute pytest on test_code_brouillon.py",
      "output_response": "============================= test session starts =============================\nplatform win32 -- Python 3.11.9, pytest-8.3.0, pluggy-1.6.0 -- C:\\Users\\ma_be\\Desktop\\Test_Bot_Prof\\Refactoring-Swarm-Equipe-29\\venv_test\\Scripts\\python.exe\ncachedir: .pytest_cache\nrootdir: C:\\Users\\ma_be\\Desktop\\Test_Bot_Prof\\Refactoring-Swarm-Equipe-29\nplugins: anyio-4.12.1\ncollecting ... collected 0 items / 1 error\n\n=================================== ERRORS ====================================\n_________ ERROR collecting sandbox/test_local/test_code_brouillon.py __________\n..\\..\\venv_test\\Lib\\site-packages\\_pytest\\python.py:493: in importtestmodule\n    mod = import_path(\n..\\..\\venv_test\\Lib\\site-packages\\_pytest\\pathlib.py:582: in import_path\n    importlib.import_module(module_name)\nC:\\Users\\ma_be\\AppData\\Local\\Programs\\Python\\Python311\\Lib\\importlib\\__init__.py:126: in import_module\n    return _bootstrap._gcd_import(name[level:], package, level)\n<frozen importlib._bootstrap>:1204: in _gcd_import\n    ???\n<frozen importlib._bootstrap>:1176: in _find_and_load\n    ???\n<frozen importlib._bootstrap>:1147: in _find_and_load_unlocked\n    ???\n<frozen importlib._bootstrap>:690: in _load_unlocked\n    ???\n..\\..\\venv_test\\Lib\\site-packages\\_pytest\\assertion\\rewrite.py:174: in exec_module\n    exec(co, module.__dict__)\ntest_code_brouillon.py:1: in <module>\n    from code_brouillon import Calc, ADD_TAX\nE     File \"C:\\Users\\ma_be\\Desktop\\Test_Bot_Prof\\Refactoring-Swarm-Equipe-29\\sandbox\\test_local\\code_brouillon.py\", line 5\nE       def Calc(p, d)\nE                     ^\nE   SyntaxError: expected ':'\n=========================== short test summary info ===========================\nERROR test_code_brouillon.py\n!!!!!!!!!!!!!!!!!!! Interrupted: 1 error during collection !!!!!!!!!!!!!!!!!!!!\n============================== 1 error in 0.13s ===============================\n\n"
    }
  },
  {
    "timestamp": "2026-02-24T13:15:42.278172",
    "agent": "JudgeAgent",
    "model": "pytest",
    "action": "DEBUG",
    "status": "FAILED",
    "details": {
      "target_dir": "C:\\Users\\ma_be\\Desktop\\Test_Bot_Prof\\Refactoring-Swarm-Equipe-29\\sandbox\\test_local",
      "test_file": "test_code_brouillon.py",
      "input_prompt": "Execute pytest on test_code_brouillon.py",
      "output_response": "============================= test session starts =============================\nplatform win32 -- Python 3.11.9, pytest-8.3.0, pluggy-1.6.0 -- C:\\Users\\ma_be\\Desktop\\Test_Bot_Prof\\Refactoring-Swarm-Equipe-29\\venv_test\\Scripts\\python.exe\ncachedir: .pytest_cache\nrootdir: C:\\Users\\ma_be\\Desktop\\Test_Bot_Prof\\Refactoring-Swarm-Equipe-29\nplugins: anyio-4.12.1\ncollecting ... collected 0 items / 1 error\n\n=================================== ERRORS ====================================\n_________ ERROR collecting sandbox/test_local/test_code_brouillon.py __________\n..\\..\\venv_test\\Lib\\site-packages\\_pytest\\python.py:493: in importtestmodule\n    mod = import_path(\n..\\..\\venv_test\\Lib\\site-packages\\_pytest\\pathlib.py:582: in import_path\n    importlib.import_module(module_name)\nC:\\Users\\ma_be\\AppData\\Local\\Programs\\Python\\Python311\\Lib\\importlib\\__init__.py:126: in import_module\n    return _bootstrap._gcd_import(name[level:], package, level)\n<frozen importlib._bootstrap>:1204: in _gcd_import\n    ???\n<frozen importlib._bootstrap>:1176: in _find_and_load\n    ???\n<frozen importlib._bootstrap>:1147: in _find_and_load_unlocked\n    ???\n<frozen importlib._bootstrap>:690: in _load_unlocked\n    ???\n..\\..\\venv_test\\Lib\\site-packages\\_pytest\\assertion\\rewrite.py:174: in exec_module\n    exec(co, module.__dict__)\ntest_code_brouillon.py:1: in <module>\n    from code_brouillon import Calc, ADD_TAX\nE     File \"C:\\Users\\ma_be\\Desktop\\Test_Bot_Prof\\Refactoring-Swarm-Equipe-29\\sandbox\\test_local\\code_brouillon.py\", line 5\nE       def Calc(p, d)\nE                     ^\nE   SyntaxError: expected ':'\n=========================== short test summary info ===========================\nERROR test_code_brouillon.py\n!!!!!!!!!!!!!!!!!!! Interrupted: 1 error during collection !!!!!!!!!!!!!!!!!!!!\n============================== 1 error in 0.17s ===============================\n\n"
    }
  },
  {
    "timestamp": "2026-02-24T13:15:42.820546",
    "agent": "JudgeAgent",
    "model": "pytest",
    "action": "DEBUG",
    "status": "FAILED",
    "details": {
      "target_dir": "C:\\Users\\ma_be\\Desktop\\Test_Bot_Prof\\Refactoring-Swarm-Equipe-29\\sandbox\\test_local",
      "test_file": "test_code_brouillon.py",
      "input_prompt": "Execute pytest on test_code_brouillon.py",
      "output_response": "============================= test session starts =============================\nplatform win32 -- Python 3.11.9, pytest-8.3.0, pluggy-1.6.0 -- C:\\Users\\ma_be\\Desktop\\Test_Bot_Prof\\Refactoring-Swarm-Equipe-29\\venv_test\\Scripts\\python.exe\ncachedir: .pytest_cache\nrootdir: C:\\Users\\ma_be\\Desktop\\Test_Bot_Prof\\Refactoring-Swarm-Equipe-29\nplugins: anyio-4.12.1\ncollecting ... collected 0 items / 1 error\n\n=================================== ERRORS ====================================\n_________ ERROR collecting sandbox/test_local/test_code_brouillon.py __________\n..\\..\\venv_test\\Lib\\site-packages\\_pytest\\python.py:493: in importtestmodule\n    mod = import_path(\n..\\..\\venv_test\\Lib\\site-packages\\_pytest\\pathlib.py:582: in import_path\n    importlib.import_module(module_name)\nC:\\Users\\ma_be\\AppData\\Local\\Programs\\Python\\Python311\\Lib\\importlib\\__init__.py:126: in import_module\n    return _bootstrap._gcd_import(name[level:], package, level)\n<frozen importlib._bootstrap>:1204: in _gcd_import\n    ???\n<frozen importlib._bootstrap>:1176: in _find_and_load\n    ???\n<frozen importlib._bootstrap>:1147: in _find_and_load_unlocked\n    ???\n<frozen importlib._bootstrap>:690: in _load_unlocked\n    ???\n..\\..\\venv_test\\Lib\\site-packages\\_pytest\\assertion\\rewrite.py:174: in exec_module\n    exec(co, module.__dict__)\ntest_code_brouillon.py:1: in <module>\n    from code_brouillon import Calc, ADD_TAX\nE     File \"C:\\Users\\ma_be\\Desktop\\Test_Bot_Prof\\Refactoring-Swarm-Equipe-29\\sandbox\\test_local\\code_brouillon.py\", line 5\nE       def Calc(p, d)\nE                     ^\nE   SyntaxError: expected ':'\n=========================== short test summary info ===========================\nERROR test_code_brouillon.py\n!!!!!!!!!!!!!!!!!!! Interrupted: 1 error during collection !!!!!!!!!!!!!!!!!!!!\n============================== 1 error in 0.17s ===============================\n\n"
    }
  },
  {
    "timestamp": "2026-02-24T13:15:43.358012",
    "agent": "JudgeAgent",
    "model": "pytest",
    "action": "DEBUG",
    "status": "FAILED",
    "details": {
      "target_dir": "C:\\Users\\ma_be\\Desktop\\Test_Bot_Prof\\Refactoring-Swarm-Equipe-29\\sandbox\\test_local",
      "test_file": "test_code_brouillon.py",
      "input_prompt": "Execute pytest on test_code_brouillon.py",
      "output_response": "============================= test session starts =============================\nplatform win32 -- Python 3.11.9, pytest-8.3.0, pluggy-1.6.0 -- C:\\Users\\ma_be\\Desktop\\Test_Bot_Prof\\Refactoring-Swarm-Equipe-29\\venv_test\\Scripts\\python.exe\ncachedir: .pytest_cache\nrootdir: C:\\Users\\ma_be\\Desktop\\Test_Bot_Prof\\Refactoring-Swarm-Equipe-29\nplugins: anyio-4.12.1\ncollecting ... collected 0 items / 1 error\n\n=================================== ERRORS ====================================\n_________ ERROR collecting sandbox/test_local/test_code_brouillon.py __________\n..\\..\\venv_test\\Lib\\site-packages\\_pytest\\python.py:493: in importtestmodule\n    mod = import_path(\n..\\..\\venv_test\\Lib\\site-packages\\_pytest\\pathlib.py:582: in import_path\n    importlib.import_module(module_name)\nC:\\Users\\ma_be\\AppData\\Local\\Programs\\Python\\Python311\\Lib\\importlib\\__init__.py:126: in import_module\n    return _bootstrap._gcd_import(name[level:], package, level)\n<frozen importlib._bootstrap>:1204: in _gcd_import\n    ???\n<frozen importlib._bootstrap>:1176: in _find_and_load\n    ???\n<frozen importlib._bootstrap>:1147: in _find_and_load_unlocked\n    ???\n<frozen importlib._bootstrap>:690: in _load_unlocked\n    ???\n..\\..\\venv_test\\Lib\\site-packages\\_pytest\\assertion\\rewrite.py:174: in exec_module\n    exec(co, module.__dict__)\ntest_code_brouillon.py:1: in <module>\n    from code_brouillon import Calc, ADD_TAX\nE     File \"C:\\Users\\ma_be\\Desktop\\Test_Bot_Prof\\Refactoring-Swarm-Equipe-29\\sandbox\\test_local\\code_brouillon.py\", line 5\nE       def Calc(p, d)\nE                     ^\nE   SyntaxError: expected ':'\n=========================== short test summary info ===========================\nERROR test_code_brouillon.py\n!!!!!!!!!!!!!!!!!!! Interrupted: 1 error during collection !!!!!!!!!!!!!!!!!!!!\n============================== 1 error in 0.17s ===============================\n\n"
    }
  }
]